2024-05-04T09:29:44+00:00 ERR (3): Omeka\Api\Exception\NotFoundException: Entità Omeka\Entity\Media con i criteri {"id":"stile_pag.css"} non è stata trovata in C:\xampp\htdocs\spd\application\src\Api\Adapter\AbstractEntityAdapter.php:714
Stack trace:
#0 C:\xampp\htdocs\spd\application\src\Api\Adapter\AbstractEntityAdapter.php(432): Omeka\Api\Adapter\AbstractEntityAdapter->findEntity(Array, Object(Omeka\Api\Request))
#1 C:\xampp\htdocs\spd\application\src\Api\Manager.php(230): Omeka\Api\Adapter\AbstractEntityAdapter->read(Object(Omeka\Api\Request))
#2 C:\xampp\htdocs\spd\application\src\Api\Manager.php(115): Omeka\Api\Manager->execute(Object(Omeka\Api\Request))
#3 C:\xampp\htdocs\spd\application\src\Mvc\Controller\Plugin\Api.php(136): Omeka\Api\Manager->read('media', Array, Array, Array)
#4 C:\xampp\htdocs\spd\modules\XmlViewer\src\Controller\IndexController.php(32): Omeka\Mvc\Controller\Plugin\Api->read('media', Array)
#5 C:\xampp\htdocs\spd\vendor\laminas\laminas-mvc\src\Controller\AbstractActionController.php(71): XmlViewer\Controller\IndexController->showAction()
#6 C:\xampp\htdocs\spd\vendor\laminas\laminas-eventmanager\src\EventManager.php(319): Laminas\Mvc\Controller\AbstractActionController->onDispatch(Object(Laminas\Mvc\MvcEvent))
#7 C:\xampp\htdocs\spd\vendor\laminas\laminas-eventmanager\src\EventManager.php(179): Laminas\EventManager\EventManager->triggerListeners(Object(Laminas\Mvc\MvcEvent), Object(Closure))
#8 C:\xampp\htdocs\spd\vendor\laminas\laminas-mvc\src\Controller\AbstractController.php(97): Laminas\EventManager\EventManager->triggerEventUntil(Object(Closure), Object(Laminas\Mvc\MvcEvent))
#9 C:\xampp\htdocs\spd\vendor\laminas\laminas-mvc\src\DispatchListener.php(132): Laminas\Mvc\Controller\AbstractController->dispatch(Object(Laminas\Http\PhpEnvironment\Request), Object(Laminas\Http\PhpEnvironment\Response))
#10 C:\xampp\htdocs\spd\vendor\laminas\laminas-eventmanager\src\EventManager.php(319): Laminas\Mvc\DispatchListener->onDispatch(Object(Laminas\Mvc\MvcEvent))
#11 C:\xampp\htdocs\spd\vendor\laminas\laminas-eventmanager\src\EventManager.php(179): Laminas\EventManager\EventManager->triggerListeners(Object(Laminas\Mvc\MvcEvent), Object(Closure))
#12 C:\xampp\htdocs\spd\vendor\laminas\laminas-mvc\src\Application.php(325): Laminas\EventManager\EventManager->triggerEventUntil(Object(Closure), Object(Laminas\Mvc\MvcEvent))
#13 C:\xampp\htdocs\spd\index.php(21): Laminas\Mvc\Application->run()
#14 {main}
2024-05-04T09:29:44+00:00 ERR (3): Omeka\Api\Exception\NotFoundException: Entità Omeka\Entity\Media con i criteri {"id":"img_ciano2.jpeg"} non è stata trovata in C:\xampp\htdocs\spd\application\src\Api\Adapter\AbstractEntityAdapter.php:714
Stack trace:
#0 C:\xampp\htdocs\spd\application\src\Api\Adapter\AbstractEntityAdapter.php(432): Omeka\Api\Adapter\AbstractEntityAdapter->findEntity(Array, Object(Omeka\Api\Request))
#1 C:\xampp\htdocs\spd\application\src\Api\Manager.php(230): Omeka\Api\Adapter\AbstractEntityAdapter->read(Object(Omeka\Api\Request))
#2 C:\xampp\htdocs\spd\application\src\Api\Manager.php(115): Omeka\Api\Manager->execute(Object(Omeka\Api\Request))
#3 C:\xampp\htdocs\spd\application\src\Mvc\Controller\Plugin\Api.php(136): Omeka\Api\Manager->read('media', Array, Array, Array)
#4 C:\xampp\htdocs\spd\modules\XmlViewer\src\Controller\IndexController.php(32): Omeka\Mvc\Controller\Plugin\Api->read('media', Array)
#5 C:\xampp\htdocs\spd\vendor\laminas\laminas-mvc\src\Controller\AbstractActionController.php(71): XmlViewer\Controller\IndexController->showAction()
#6 C:\xampp\htdocs\spd\vendor\laminas\laminas-eventmanager\src\EventManager.php(319): Laminas\Mvc\Controller\AbstractActionController->onDispatch(Object(Laminas\Mvc\MvcEvent))
#7 C:\xampp\htdocs\spd\vendor\laminas\laminas-eventmanager\src\EventManager.php(179): Laminas\EventManager\EventManager->triggerListeners(Object(Laminas\Mvc\MvcEvent), Object(Closure))
#8 C:\xampp\htdocs\spd\vendor\laminas\laminas-mvc\src\Controller\AbstractController.php(97): Laminas\EventManager\EventManager->triggerEventUntil(Object(Closure), Object(Laminas\Mvc\MvcEvent))
#9 C:\xampp\htdocs\spd\vendor\laminas\laminas-mvc\src\DispatchListener.php(132): Laminas\Mvc\Controller\AbstractController->dispatch(Object(Laminas\Http\PhpEnvironment\Request), Object(Laminas\Http\PhpEnvironment\Response))
#10 C:\xampp\htdocs\spd\vendor\laminas\laminas-eventmanager\src\EventManager.php(319): Laminas\Mvc\DispatchListener->onDispatch(Object(Laminas\Mvc\MvcEvent))
#11 C:\xampp\htdocs\spd\vendor\laminas\laminas-eventmanager\src\EventManager.php(179): Laminas\EventManager\EventManager->triggerListeners(Object(Laminas\Mvc\MvcEvent), Object(Closure))
#12 C:\xampp\htdocs\spd\vendor\laminas\laminas-mvc\src\Application.php(325): Laminas\EventManager\EventManager->triggerEventUntil(Object(Closure), Object(Laminas\Mvc\MvcEvent))
#13 C:\xampp\htdocs\spd\index.php(21): Laminas\Mvc\Application->run()
#14 {main}
2024-05-04T09:29:44+00:00 ERR (3): Omeka\Api\Exception\NotFoundException: Entità Omeka\Entity\Media con i criteri {"id":"ciano.js"} non è stata trovata in C:\xampp\htdocs\spd\application\src\Api\Adapter\AbstractEntityAdapter.php:714
Stack trace:
#0 C:\xampp\htdocs\spd\application\src\Api\Adapter\AbstractEntityAdapter.php(432): Omeka\Api\Adapter\AbstractEntityAdapter->findEntity(Array, Object(Omeka\Api\Request))
#1 C:\xampp\htdocs\spd\application\src\Api\Manager.php(230): Omeka\Api\Adapter\AbstractEntityAdapter->read(Object(Omeka\Api\Request))
#2 C:\xampp\htdocs\spd\application\src\Api\Manager.php(115): Omeka\Api\Manager->execute(Object(Omeka\Api\Request))
#3 C:\xampp\htdocs\spd\application\src\Mvc\Controller\Plugin\Api.php(136): Omeka\Api\Manager->read('media', Array, Array, Array)
#4 C:\xampp\htdocs\spd\modules\XmlViewer\src\Controller\IndexController.php(32): Omeka\Mvc\Controller\Plugin\Api->read('media', Array)
#5 C:\xampp\htdocs\spd\vendor\laminas\laminas-mvc\src\Controller\AbstractActionController.php(71): XmlViewer\Controller\IndexController->showAction()
#6 C:\xampp\htdocs\spd\vendor\laminas\laminas-eventmanager\src\EventManager.php(319): Laminas\Mvc\Controller\AbstractActionController->onDispatch(Object(Laminas\Mvc\MvcEvent))
#7 C:\xampp\htdocs\spd\vendor\laminas\laminas-eventmanager\src\EventManager.php(179): Laminas\EventManager\EventManager->triggerListeners(Object(Laminas\Mvc\MvcEvent), Object(Closure))
#8 C:\xampp\htdocs\spd\vendor\laminas\laminas-mvc\src\Controller\AbstractController.php(97): Laminas\EventManager\EventManager->triggerEventUntil(Object(Closure), Object(Laminas\Mvc\MvcEvent))
#9 C:\xampp\htdocs\spd\vendor\laminas\laminas-mvc\src\DispatchListener.php(132): Laminas\Mvc\Controller\AbstractController->dispatch(Object(Laminas\Http\PhpEnvironment\Request), Object(Laminas\Http\PhpEnvironment\Response))
#10 C:\xampp\htdocs\spd\vendor\laminas\laminas-eventmanager\src\EventManager.php(319): Laminas\Mvc\DispatchListener->onDispatch(Object(Laminas\Mvc\MvcEvent))
#11 C:\xampp\htdocs\spd\vendor\laminas\laminas-eventmanager\src\EventManager.php(179): Laminas\EventManager\EventManager->triggerListeners(Object(Laminas\Mvc\MvcEvent), Object(Closure))
#12 C:\xampp\htdocs\spd\vendor\laminas\laminas-mvc\src\Application.php(325): Laminas\EventManager\EventManager->triggerEventUntil(Object(Closure), Object(Laminas\Mvc\MvcEvent))
#13 C:\xampp\htdocs\spd\index.php(21): Laminas\Mvc\Application->run()
#14 {main}
2024-05-04T09:29:44+00:00 ERR (3): Omeka\Api\Exception\NotFoundException: Entità Omeka\Entity\Media con i criteri {"id":"cherubino_white.png"} non è stata trovata in C:\xampp\htdocs\spd\application\src\Api\Adapter\AbstractEntityAdapter.php:714
Stack trace:
#0 C:\xampp\htdocs\spd\application\src\Api\Adapter\AbstractEntityAdapter.php(432): Omeka\Api\Adapter\AbstractEntityAdapter->findEntity(Array, Object(Omeka\Api\Request))
#1 C:\xampp\htdocs\spd\application\src\Api\Manager.php(230): Omeka\Api\Adapter\AbstractEntityAdapter->read(Object(Omeka\Api\Request))
#2 C:\xampp\htdocs\spd\application\src\Api\Manager.php(115): Omeka\Api\Manager->execute(Object(Omeka\Api\Request))
#3 C:\xampp\htdocs\spd\application\src\Mvc\Controller\Plugin\Api.php(136): Omeka\Api\Manager->read('media', Array, Array, Array)
#4 C:\xampp\htdocs\spd\modules\XmlViewer\src\Controller\IndexController.php(32): Omeka\Mvc\Controller\Plugin\Api->read('media', Array)
#5 C:\xampp\htdocs\spd\vendor\laminas\laminas-mvc\src\Controller\AbstractActionController.php(71): XmlViewer\Controller\IndexController->showAction()
#6 C:\xampp\htdocs\spd\vendor\laminas\laminas-eventmanager\src\EventManager.php(319): Laminas\Mvc\Controller\AbstractActionController->onDispatch(Object(Laminas\Mvc\MvcEvent))
#7 C:\xampp\htdocs\spd\vendor\laminas\laminas-eventmanager\src\EventManager.php(179): Laminas\EventManager\EventManager->triggerListeners(Object(Laminas\Mvc\MvcEvent), Object(Closure))
#8 C:\xampp\htdocs\spd\vendor\laminas\laminas-mvc\src\Controller\AbstractController.php(97): Laminas\EventManager\EventManager->triggerEventUntil(Object(Closure), Object(Laminas\Mvc\MvcEvent))
#9 C:\xampp\htdocs\spd\vendor\laminas\laminas-mvc\src\DispatchListener.php(132): Laminas\Mvc\Controller\AbstractController->dispatch(Object(Laminas\Http\PhpEnvironment\Request), Object(Laminas\Http\PhpEnvironment\Response))
#10 C:\xampp\htdocs\spd\vendor\laminas\laminas-eventmanager\src\EventManager.php(319): Laminas\Mvc\DispatchListener->onDispatch(Object(Laminas\Mvc\MvcEvent))
#11 C:\xampp\htdocs\spd\vendor\laminas\laminas-eventmanager\src\EventManager.php(179): Laminas\EventManager\EventManager->triggerListeners(Object(Laminas\Mvc\MvcEvent), Object(Closure))
#12 C:\xampp\htdocs\spd\vendor\laminas\laminas-mvc\src\Application.php(325): Laminas\EventManager\EventManager->triggerEventUntil(Object(Closure), Object(Laminas\Mvc\MvcEvent))
#13 C:\xampp\htdocs\spd\index.php(21): Laminas\Mvc\Application->run()
#14 {main}
